[12-Jan-2018 10:40:15 Europe/Berlin] PHP Notice:  Undefined variable: service in /var/www/html/matrite/index.php on line 23
[12-Jan-2018 10:40:15 Europe/Berlin] PHP Stack trace:
[12-Jan-2018 10:40:15 Europe/Berlin] PHP   1. {main}() /var/www/html/matrite/index.php:0
[12-Jan-2018 10:40:15 Europe/Berlin] PHP   2. Klein\Klein->dispatch() /var/www/html/matrite/index.php:26
[12-Jan-2018 10:40:15 Europe/Berlin] PHP   3. Klein\Klein->handleRouteCallback() /var/www/html/matrite/vendor/klein/klein/src/Klein/Klein.php:588
[12-Jan-2018 10:40:15 Europe/Berlin] PHP   4. call_user_func:{/var/www/html/matrite/vendor/klein/klein/src/Klein/Klein.php:887}() /var/www/html/matrite/vendor/klein/klein/src/Klein/Klein.php:887
[12-Jan-2018 10:40:15 Europe/Berlin] PHP   5. {closure:/var/www/html/matrite/index.php:22-24}() /var/www/html/matrite/vendor/klein/klein/src/Klein/Klein.php:887
[12-Jan-2018 10:40:15 Europe/Berlin] PHP Fatal error:  Call to a member function render() on null in /var/www/html/matrite/index.php on line 23
[12-Jan-2018 10:40:15 Europe/Berlin] PHP Stack trace:
[12-Jan-2018 10:40:15 Europe/Berlin] PHP   1. {main}() /var/www/html/matrite/index.php:0
[12-Jan-2018 10:40:15 Europe/Berlin] PHP   2. Klein\Klein->dispatch() /var/www/html/matrite/index.php:26
[12-Jan-2018 10:40:15 Europe/Berlin] PHP   3. Klein\Klein->handleRouteCallback() /var/www/html/matrite/vendor/klein/klein/src/Klein/Klein.php:588
[12-Jan-2018 10:40:15 Europe/Berlin] PHP   4. call_user_func:{/var/www/html/matrite/vendor/klein/klein/src/Klein/Klein.php:887}() /var/www/html/matrite/vendor/klein/klein/src/Klein/Klein.php:887
[12-Jan-2018 10:40:15 Europe/Berlin] PHP   5. {closure:/var/www/html/matrite/index.php:22-24}() /var/www/html/matrite/vendor/klein/klein/src/Klein/Klein.php:887
[12-Jan-2018 10:54:48 Europe/Berlin] PHP Warning:  require(views/index.phtml): failed to open stream: No such file or directory in /var/www/html/matrite/vendor/klein/klein/src/Klein/ServiceProvider.php on line 326
[12-Jan-2018 10:54:48 Europe/Berlin] PHP Stack trace:
[12-Jan-2018 10:54:48 Europe/Berlin] PHP   1. {main}() /var/www/html/matrite/index.php:0
[12-Jan-2018 10:54:48 Europe/Berlin] PHP   2. Klein\Klein->dispatch() /var/www/html/matrite/index.php:39
[12-Jan-2018 10:54:48 Europe/Berlin] PHP   3. Klein\Klein->handleRouteCallback() /var/www/html/matrite/vendor/klein/klein/src/Klein/Klein.php:588
[12-Jan-2018 10:54:48 Europe/Berlin] PHP   4. call_user_func:{/var/www/html/matrite/vendor/klein/klein/src/Klein/Klein.php:887}() /var/www/html/matrite/vendor/klein/klein/src/Klein/Klein.php:887
[12-Jan-2018 10:54:48 Europe/Berlin] PHP   5. {closure:/var/www/html/matrite/index.php:20-22}() /var/www/html/matrite/vendor/klein/klein/src/Klein/Klein.php:887
[12-Jan-2018 10:54:48 Europe/Berlin] PHP   6. Klein\ServiceProvider->render() /var/www/html/matrite/index.php:21
[12-Jan-2018 10:54:48 Europe/Berlin] PHP Fatal error:  require(): Failed opening required 'views/index.phtml' (include_path='.:/usr/share/php') in /var/www/html/matrite/vendor/klein/klein/src/Klein/ServiceProvider.php on line 326
[12-Jan-2018 10:54:48 Europe/Berlin] PHP Stack trace:
[12-Jan-2018 10:54:48 Europe/Berlin] PHP   1. {main}() /var/www/html/matrite/index.php:0
[12-Jan-2018 10:54:48 Europe/Berlin] PHP   2. Klein\Klein->dispatch() /var/www/html/matrite/index.php:39
[12-Jan-2018 10:54:48 Europe/Berlin] PHP   3. Klein\Klein->handleRouteCallback() /var/www/html/matrite/vendor/klein/klein/src/Klein/Klein.php:588
[12-Jan-2018 10:54:48 Europe/Berlin] PHP   4. call_user_func:{/var/www/html/matrite/vendor/klein/klein/src/Klein/Klein.php:887}() /var/www/html/matrite/vendor/klein/klein/src/Klein/Klein.php:887
[12-Jan-2018 10:54:48 Europe/Berlin] PHP   5. {closure:/var/www/html/matrite/index.php:20-22}() /var/www/html/matrite/vendor/klein/klein/src/Klein/Klein.php:887
[12-Jan-2018 10:54:48 Europe/Berlin] PHP   6. Klein\ServiceProvider->render() /var/www/html/matrite/index.php:21
[12-Jan-2018 10:57:13 Europe/Berlin] PHP Warning:  require(views/layout-out.phtml): failed to open stream: No such file or directory in /var/www/html/matrite/vendor/klein/klein/src/Klein/ServiceProvider.php on line 326
[12-Jan-2018 10:57:13 Europe/Berlin] PHP Stack trace:
[12-Jan-2018 10:57:13 Europe/Berlin] PHP   1. {main}() /var/www/html/matrite/index.php:0
[12-Jan-2018 10:57:13 Europe/Berlin] PHP   2. Klein\Klein->dispatch() /var/www/html/matrite/index.php:40
[12-Jan-2018 10:57:13 Europe/Berlin] PHP   3. Klein\Klein->handleRouteCallback() /var/www/html/matrite/vendor/klein/klein/src/Klein/Klein.php:588
[12-Jan-2018 10:57:13 Europe/Berlin] PHP   4. call_user_func:{/var/www/html/matrite/vendor/klein/klein/src/Klein/Klein.php:887}() /var/www/html/matrite/vendor/klein/klein/src/Klein/Klein.php:887
[12-Jan-2018 10:57:13 Europe/Berlin] PHP   5. {closure:/var/www/html/matrite/index.php:20-23}() /var/www/html/matrite/vendor/klein/klein/src/Klein/Klein.php:887
[12-Jan-2018 10:57:13 Europe/Berlin] PHP   6. Klein\ServiceProvider->render() /var/www/html/matrite/index.php:22
[12-Jan-2018 10:57:13 Europe/Berlin] PHP Fatal error:  require(): Failed opening required 'views/layout-out.phtml' (include_path='.:/usr/share/php') in /var/www/html/matrite/vendor/klein/klein/src/Klein/ServiceProvider.php on line 326
[12-Jan-2018 10:57:13 Europe/Berlin] PHP Stack trace:
[12-Jan-2018 10:57:13 Europe/Berlin] PHP   1. {main}() /var/www/html/matrite/index.php:0
[12-Jan-2018 10:57:13 Europe/Berlin] PHP   2. Klein\Klein->dispatch() /var/www/html/matrite/index.php:40
[12-Jan-2018 10:57:13 Europe/Berlin] PHP   3. Klein\Klein->handleRouteCallback() /var/www/html/matrite/vendor/klein/klein/src/Klein/Klein.php:588
[12-Jan-2018 10:57:13 Europe/Berlin] PHP   4. call_user_func:{/var/www/html/matrite/vendor/klein/klein/src/Klein/Klein.php:887}() /var/www/html/matrite/vendor/klein/klein/src/Klein/Klein.php:887
[12-Jan-2018 10:57:13 Europe/Berlin] PHP   5. {closure:/var/www/html/matrite/index.php:20-23}() /var/www/html/matrite/vendor/klein/klein/src/Klein/Klein.php:887
[12-Jan-2018 10:57:13 Europe/Berlin] PHP   6. Klein\ServiceProvider->render() /var/www/html/matrite/index.php:22
[15-Jan-2018 13:32:02 Europe/Berlin] PHP Warning:  require_once(/var/www/html/matrite/includes/bootstrap.php): failed to open stream: No such file or directory in /var/www/html/matrite/index.php on line 19
[15-Jan-2018 13:32:02 Europe/Berlin] PHP Stack trace:
[15-Jan-2018 13:32:02 Europe/Berlin] PHP   1. {main}() /var/www/html/matrite/index.php:0
[15-Jan-2018 13:32:02 Europe/Berlin] PHP Fatal error:  require_once(): Failed opening required '/var/www/html/matrite/includes/bootstrap.php' (include_path='.:/usr/share/php') in /var/www/html/matrite/index.php on line 19
[15-Jan-2018 13:32:02 Europe/Berlin] PHP Stack trace:
[15-Jan-2018 13:32:02 Europe/Berlin] PHP   1. {main}() /var/www/html/matrite/index.php:0
[15-Jan-2018 13:32:28 Europe/Berlin] PHP Warning:  mysqli::mysqli(): (HY000/1698): Access denied for user ',myuser'@'localhost' in /var/www/html/matrite/index.php on line 24
[15-Jan-2018 13:32:28 Europe/Berlin] PHP Stack trace:
[15-Jan-2018 13:32:28 Europe/Berlin] PHP   1. {main}() /var/www/html/matrite/index.php:0
[15-Jan-2018 13:32:28 Europe/Berlin] PHP   2. Klein\Klein->dispatch() /var/www/html/matrite/index.php:51
[15-Jan-2018 13:32:28 Europe/Berlin] PHP   3. Klein\Klein->handleRouteCallback() /var/www/html/matrite/vendor/klein/klein/src/Klein/Klein.php:588
[15-Jan-2018 13:32:28 Europe/Berlin] PHP   4. call_user_func:{/var/www/html/matrite/vendor/klein/klein/src/Klein/Klein.php:887}() /var/www/html/matrite/vendor/klein/klein/src/Klein/Klein.php:887
[15-Jan-2018 13:32:28 Europe/Berlin] PHP   5. {closure:/var/www/html/matrite/index.php:23-29}() /var/www/html/matrite/vendor/klein/klein/src/Klein/Klein.php:887
[15-Jan-2018 13:32:28 Europe/Berlin] PHP   6. mysqli->mysqli() /var/www/html/matrite/index.php:24
[15-Jan-2018 13:50:41 Europe/Berlin] PHP Fatal error:  Class 'Users' not found in /var/www/html/matrite/index.php on line 38
[15-Jan-2018 13:50:41 Europe/Berlin] PHP Stack trace:
[15-Jan-2018 13:50:41 Europe/Berlin] PHP   1. {main}() /var/www/html/matrite/index.php:0
[15-Jan-2018 13:50:41 Europe/Berlin] PHP   2. Klein\Klein->dispatch() /var/www/html/matrite/index.php:63
[15-Jan-2018 13:50:41 Europe/Berlin] PHP   3. Klein\Klein->handleRouteCallback() /var/www/html/matrite/vendor/klein/klein/src/Klein/Klein.php:588
[15-Jan-2018 13:50:41 Europe/Berlin] PHP   4. call_user_func:{/var/www/html/matrite/vendor/klein/klein/src/Klein/Klein.php:887}() /var/www/html/matrite/vendor/klein/klein/src/Klein/Klein.php:887
[15-Jan-2018 13:50:41 Europe/Berlin] PHP   5. {closure:/var/www/html/matrite/index.php:37-45}() /var/www/html/matrite/vendor/klein/klein/src/Klein/Klein.php:887
[15-Jan-2018 13:51:39 Europe/Berlin] PHP Fatal error:  Class 'Users' not found in /var/www/html/matrite/index.php on line 38
[15-Jan-2018 13:51:39 Europe/Berlin] PHP Stack trace:
[15-Jan-2018 13:51:39 Europe/Berlin] PHP   1. {main}() /var/www/html/matrite/index.php:0
[15-Jan-2018 13:51:39 Europe/Berlin] PHP   2. Klein\Klein->dispatch() /var/www/html/matrite/index.php:63
[15-Jan-2018 13:51:39 Europe/Berlin] PHP   3. Klein\Klein->handleRouteCallback() /var/www/html/matrite/vendor/klein/klein/src/Klein/Klein.php:588
[15-Jan-2018 13:51:39 Europe/Berlin] PHP   4. call_user_func:{/var/www/html/matrite/vendor/klein/klein/src/Klein/Klein.php:887}() /var/www/html/matrite/vendor/klein/klein/src/Klein/Klein.php:887
[15-Jan-2018 13:51:39 Europe/Berlin] PHP   5. {closure:/var/www/html/matrite/index.php:37-45}() /var/www/html/matrite/vendor/klein/klein/src/Klein/Klein.php:887
[15-Jan-2018 13:52:16 Europe/Berlin] PHP Notice:  Undefined variable: router in /var/www/html/matrite/index.php on line 42
[15-Jan-2018 13:52:16 Europe/Berlin] PHP Stack trace:
[15-Jan-2018 13:52:16 Europe/Berlin] PHP   1. {main}() /var/www/html/matrite/index.php:0
[15-Jan-2018 13:52:16 Europe/Berlin] PHP   2. Klein\Klein->dispatch() /var/www/html/matrite/index.php:65
[15-Jan-2018 13:52:16 Europe/Berlin] PHP   3. Klein\Klein->handleRouteCallback() /var/www/html/matrite/vendor/klein/klein/src/Klein/Klein.php:588
[15-Jan-2018 13:52:16 Europe/Berlin] PHP   4. call_user_func:{/var/www/html/matrite/vendor/klein/klein/src/Klein/Klein.php:887}() /var/www/html/matrite/vendor/klein/klein/src/Klein/Klein.php:887
[15-Jan-2018 13:52:16 Europe/Berlin] PHP   5. {closure:/var/www/html/matrite/index.php:37-47}() /var/www/html/matrite/vendor/klein/klein/src/Klein/Klein.php:887
[15-Jan-2018 13:52:16 Europe/Berlin] PHP Fatal error:  Call to a member function response() on null in /var/www/html/matrite/index.php on line 42
[15-Jan-2018 13:52:16 Europe/Berlin] PHP Stack trace:
[15-Jan-2018 13:52:16 Europe/Berlin] PHP   1. {main}() /var/www/html/matrite/index.php:0
[15-Jan-2018 13:52:16 Europe/Berlin] PHP   2. Klein\Klein->dispatch() /var/www/html/matrite/index.php:65
[15-Jan-2018 13:52:16 Europe/Berlin] PHP   3. Klein\Klein->handleRouteCallback() /var/www/html/matrite/vendor/klein/klein/src/Klein/Klein.php:588
[15-Jan-2018 13:52:16 Europe/Berlin] PHP   4. call_user_func:{/var/www/html/matrite/vendor/klein/klein/src/Klein/Klein.php:887}() /var/www/html/matrite/vendor/klein/klein/src/Klein/Klein.php:887
[15-Jan-2018 13:52:16 Europe/Berlin] PHP   5. {closure:/var/www/html/matrite/index.php:37-47}() /var/www/html/matrite/vendor/klein/klein/src/Klein/Klein.php:887
[15-Jan-2018 14:01:19 Europe/Berlin] PHP Warning:  password_hash() expects at least 2 parameters, 1 given in /var/www/html/matrite/includes/users.php on line 7
[15-Jan-2018 14:01:19 Europe/Berlin] PHP Stack trace:
[15-Jan-2018 14:01:19 Europe/Berlin] PHP   1. {main}() /var/www/html/matrite/index.php:0
[15-Jan-2018 14:01:19 Europe/Berlin] PHP   2. Klein\Klein->dispatch() /var/www/html/matrite/index.php:65
[15-Jan-2018 14:01:19 Europe/Berlin] PHP   3. Klein\Klein->handleRouteCallback() /var/www/html/matrite/vendor/klein/klein/src/Klein/Klein.php:588
[15-Jan-2018 14:01:19 Europe/Berlin] PHP   4. call_user_func:{/var/www/html/matrite/vendor/klein/klein/src/Klein/Klein.php:887}() /var/www/html/matrite/vendor/klein/klein/src/Klein/Klein.php:887
[15-Jan-2018 14:01:19 Europe/Berlin] PHP   5. {closure:/var/www/html/matrite/index.php:37-47}() /var/www/html/matrite/vendor/klein/klein/src/Klein/Klein.php:887
[15-Jan-2018 14:01:19 Europe/Berlin] PHP   6. Users->login() /var/www/html/matrite/index.php:41
[15-Jan-2018 14:01:19 Europe/Berlin] PHP   7. password_hash() /var/www/html/matrite/includes/users.php:7
[15-Jan-2018 14:10:48 Europe/Berlin] PHP Parse error:  syntax error, unexpected 'else' (T_ELSE), expecting function (T_FUNCTION) in /var/www/html/matrite/includes/users.php on line 16
[15-Jan-2018 14:10:48 Europe/Berlin] PHP Stack trace:
[15-Jan-2018 14:10:48 Europe/Berlin] PHP   1. {main}() /var/www/html/matrite/index.php:0
[15-Jan-2018 14:10:48 Europe/Berlin] PHP   2. Klein\Klein->dispatch() /var/www/html/matrite/index.php:65
[15-Jan-2018 14:10:48 Europe/Berlin] PHP   3. Klein\Klein->handleRouteCallback() /var/www/html/matrite/vendor/klein/klein/src/Klein/Klein.php:588
[15-Jan-2018 14:10:48 Europe/Berlin] PHP   4. call_user_func:{/var/www/html/matrite/vendor/klein/klein/src/Klein/Klein.php:887}() /var/www/html/matrite/vendor/klein/klein/src/Klein/Klein.php:887
[15-Jan-2018 14:10:48 Europe/Berlin] PHP   5. {closure:/var/www/html/matrite/index.php:37-47}() /var/www/html/matrite/vendor/klein/klein/src/Klein/Klein.php:887
[15-Jan-2018 14:11:11 Europe/Berlin] PHP Notice:  Undefined variable: mysqli in /var/www/html/matrite/includes/users.php on line 8
[15-Jan-2018 14:11:11 Europe/Berlin] PHP Stack trace:
[15-Jan-2018 14:11:11 Europe/Berlin] PHP   1. {main}() /var/www/html/matrite/index.php:0
[15-Jan-2018 14:11:11 Europe/Berlin] PHP   2. Klein\Klein->dispatch() /var/www/html/matrite/index.php:65
[15-Jan-2018 14:11:11 Europe/Berlin] PHP   3. Klein\Klein->handleRouteCallback() /var/www/html/matrite/vendor/klein/klein/src/Klein/Klein.php:588
[15-Jan-2018 14:11:11 Europe/Berlin] PHP   4. call_user_func:{/var/www/html/matrite/vendor/klein/klein/src/Klein/Klein.php:887}() /var/www/html/matrite/vendor/klein/klein/src/Klein/Klein.php:887
[15-Jan-2018 14:11:11 Europe/Berlin] PHP   5. {closure:/var/www/html/matrite/index.php:37-47}() /var/www/html/matrite/vendor/klein/klein/src/Klein/Klein.php:887
[15-Jan-2018 14:11:11 Europe/Berlin] PHP   6. Users->login() /var/www/html/matrite/index.php:41
[15-Jan-2018 14:11:11 Europe/Berlin] PHP Fatal error:  Call to a member function prepare() on null in /var/www/html/matrite/includes/users.php on line 8
[15-Jan-2018 14:11:11 Europe/Berlin] PHP Stack trace:
[15-Jan-2018 14:11:11 Europe/Berlin] PHP   1. {main}() /var/www/html/matrite/index.php:0
[15-Jan-2018 14:11:11 Europe/Berlin] PHP   2. Klein\Klein->dispatch() /var/www/html/matrite/index.php:65
[15-Jan-2018 14:11:11 Europe/Berlin] PHP   3. Klein\Klein->handleRouteCallback() /var/www/html/matrite/vendor/klein/klein/src/Klein/Klein.php:588
[15-Jan-2018 14:11:11 Europe/Berlin] PHP   4. call_user_func:{/var/www/html/matrite/vendor/klein/klein/src/Klein/Klein.php:887}() /var/www/html/matrite/vendor/klein/klein/src/Klein/Klein.php:887
[15-Jan-2018 14:11:11 Europe/Berlin] PHP   5. {closure:/var/www/html/matrite/index.php:37-47}() /var/www/html/matrite/vendor/klein/klein/src/Klein/Klein.php:887
[15-Jan-2018 14:11:11 Europe/Berlin] PHP   6. Users->login() /var/www/html/matrite/index.php:41
[15-Jan-2018 14:12:09 Europe/Berlin] PHP Notice:  Indirect modification of overloaded property Klein\DataCollection\DataCollection::$email has no effect in /var/www/html/matrite/includes/users.php on line 9
[15-Jan-2018 14:12:09 Europe/Berlin] PHP Stack trace:
[15-Jan-2018 14:12:09 Europe/Berlin] PHP   1. {main}() /var/www/html/matrite/index.php:0
[15-Jan-2018 14:12:09 Europe/Berlin] PHP   2. Klein\Klein->dispatch() /var/www/html/matrite/index.php:65
[15-Jan-2018 14:12:09 Europe/Berlin] PHP   3. Klein\Klein->handleRouteCallback() /var/www/html/matrite/vendor/klein/klein/src/Klein/Klein.php:588
[15-Jan-2018 14:12:09 Europe/Berlin] PHP   4. call_user_func:{/var/www/html/matrite/vendor/klein/klein/src/Klein/Klein.php:887}() /var/www/html/matrite/vendor/klein/klein/src/Klein/Klein.php:887
[15-Jan-2018 14:12:09 Europe/Berlin] PHP   5. {closure:/var/www/html/matrite/index.php:37-47}() /var/www/html/matrite/vendor/klein/klein/src/Klein/Klein.php:887
[15-Jan-2018 14:12:09 Europe/Berlin] PHP   6. Users->login() /var/www/html/matrite/index.php:41
[15-Jan-2018 14:12:09 Europe/Berlin] PHP Warning:  mysqli_stmt::bind_param(): Number of variables doesn't match number of parameters in prepared statement in /var/www/html/matrite/includes/users.php on line 9
[15-Jan-2018 14:12:09 Europe/Berlin] PHP Stack trace:
[15-Jan-2018 14:12:09 Europe/Berlin] PHP   1. {main}() /var/www/html/matrite/index.php:0
[15-Jan-2018 14:12:09 Europe/Berlin] PHP   2. Klein\Klein->dispatch() /var/www/html/matrite/index.php:65
[15-Jan-2018 14:12:09 Europe/Berlin] PHP   3. Klein\Klein->handleRouteCallback() /var/www/html/matrite/vendor/klein/klein/src/Klein/Klein.php:588
[15-Jan-2018 14:12:09 Europe/Berlin] PHP   4. call_user_func:{/var/www/html/matrite/vendor/klein/klein/src/Klein/Klein.php:887}() /var/www/html/matrite/vendor/klein/klein/src/Klein/Klein.php:887
[15-Jan-2018 14:12:09 Europe/Berlin] PHP   5. {closure:/var/www/html/matrite/index.php:37-47}() /var/www/html/matrite/vendor/klein/klein/src/Klein/Klein.php:887
[15-Jan-2018 14:12:09 Europe/Berlin] PHP   6. Users->login() /var/www/html/matrite/index.php:41
[15-Jan-2018 14:12:09 Europe/Berlin] PHP   7. mysqli_stmt->bind_param() /var/www/html/matrite/includes/users.php:9
[15-Jan-2018 14:12:09 Europe/Berlin] PHP Warning:  mysqli_stmt::bind_param(): Number of variables doesn't match number of parameters in prepared statement in /var/www/html/matrite/includes/users.php on line 10
[15-Jan-2018 14:12:09 Europe/Berlin] PHP Stack trace:
[15-Jan-2018 14:12:09 Europe/Berlin] PHP   1. {main}() /var/www/html/matrite/index.php:0
[15-Jan-2018 14:12:09 Europe/Berlin] PHP   2. Klein\Klein->dispatch() /var/www/html/matrite/index.php:65
[15-Jan-2018 14:12:09 Europe/Berlin] PHP   3. Klein\Klein->handleRouteCallback() /var/www/html/matrite/vendor/klein/klein/src/Klein/Klein.php:588
[15-Jan-2018 14:12:09 Europe/Berlin] PHP   4. call_user_func:{/var/www/html/matrite/vendor/klein/klein/src/Klein/Klein.php:887}() /var/www/html/matrite/vendor/klein/klein/src/Klein/Klein.php:887
[15-Jan-2018 14:12:09 Europe/Berlin] PHP   5. {closure:/var/www/html/matrite/index.php:37-47}() /var/www/html/matrite/vendor/klein/klein/src/Klein/Klein.php:887
[15-Jan-2018 14:12:09 Europe/Berlin] PHP   6. Users->login() /var/www/html/matrite/index.php:41
[15-Jan-2018 14:12:09 Europe/Berlin] PHP   7. mysqli_stmt->bind_param() /var/www/html/matrite/includes/users.php:10
[15-Jan-2018 14:12:50 Europe/Berlin] PHP Warning:  mysqli_stmt::bind_param(): Number of variables doesn't match number of parameters in prepared statement in /var/www/html/matrite/includes/users.php on line 10
[15-Jan-2018 14:12:50 Europe/Berlin] PHP Stack trace:
[15-Jan-2018 14:12:50 Europe/Berlin] PHP   1. {main}() /var/www/html/matrite/index.php:0
[15-Jan-2018 14:12:50 Europe/Berlin] PHP   2. Klein\Klein->dispatch() /var/www/html/matrite/index.php:65
[15-Jan-2018 14:12:50 Europe/Berlin] PHP   3. Klein\Klein->handleRouteCallback() /var/www/html/matrite/vendor/klein/klein/src/Klein/Klein.php:588
[15-Jan-2018 14:12:50 Europe/Berlin] PHP   4. call_user_func:{/var/www/html/matrite/vendor/klein/klein/src/Klein/Klein.php:887}() /var/www/html/matrite/vendor/klein/klein/src/Klein/Klein.php:887
[15-Jan-2018 14:12:50 Europe/Berlin] PHP   5. {closure:/var/www/html/matrite/index.php:37-47}() /var/www/html/matrite/vendor/klein/klein/src/Klein/Klein.php:887
[15-Jan-2018 14:12:50 Europe/Berlin] PHP   6. Users->login() /var/www/html/matrite/index.php:41
[15-Jan-2018 14:12:50 Europe/Berlin] PHP   7. mysqli_stmt->bind_param() /var/www/html/matrite/includes/users.php:10
[15-Jan-2018 14:12:50 Europe/Berlin] PHP Warning:  mysqli_stmt::bind_param(): Number of variables doesn't match number of parameters in prepared statement in /var/www/html/matrite/includes/users.php on line 11
[15-Jan-2018 14:12:50 Europe/Berlin] PHP Stack trace:
[15-Jan-2018 14:12:50 Europe/Berlin] PHP   1. {main}() /var/www/html/matrite/index.php:0
[15-Jan-2018 14:12:50 Europe/Berlin] PHP   2. Klein\Klein->dispatch() /var/www/html/matrite/index.php:65
[15-Jan-2018 14:12:50 Europe/Berlin] PHP   3. Klein\Klein->handleRouteCallback() /var/www/html/matrite/vendor/klein/klein/src/Klein/Klein.php:588
[15-Jan-2018 14:12:50 Europe/Berlin] PHP   4. call_user_func:{/var/www/html/matrite/vendor/klein/klein/src/Klein/Klein.php:887}() /var/www/html/matrite/vendor/klein/klein/src/Klein/Klein.php:887
[15-Jan-2018 14:12:50 Europe/Berlin] PHP   5. {closure:/var/www/html/matrite/index.php:37-47}() /var/www/html/matrite/vendor/klein/klein/src/Klein/Klein.php:887
[15-Jan-2018 14:12:50 Europe/Berlin] PHP   6. Users->login() /var/www/html/matrite/index.php:41
[15-Jan-2018 14:12:50 Europe/Berlin] PHP   7. mysqli_stmt->bind_param() /var/www/html/matrite/includes/users.php:11
[15-Jan-2018 14:37:42 Europe/Berlin] PHP Notice:  Undefined variable: app in /var/www/html/matrite/index.php on line 63
[15-Jan-2018 14:37:42 Europe/Berlin] PHP Stack trace:
[15-Jan-2018 14:37:42 Europe/Berlin] PHP   1. {main}() /var/www/html/matrite/index.php:0
[15-Jan-2018 14:37:42 Europe/Berlin] PHP   2. Klein\Klein->dispatch() /var/www/html/matrite/index.php:91
[15-Jan-2018 14:37:42 Europe/Berlin] PHP   3. Klein\Klein->handleRouteCallback() /var/www/html/matrite/vendor/klein/klein/src/Klein/Klein.php:588
[15-Jan-2018 14:37:42 Europe/Berlin] PHP   4. call_user_func:{/var/www/html/matrite/vendor/klein/klein/src/Klein/Klein.php:887}() /var/www/html/matrite/vendor/klein/klein/src/Klein/Klein.php:887
[15-Jan-2018 14:37:42 Europe/Berlin] PHP   5. {closure:/var/www/html/matrite/index.php:62-73}() /var/www/html/matrite/vendor/klein/klein/src/Klein/Klein.php:887
[15-Jan-2018 14:37:42 Europe/Berlin] PHP Notice:  Trying to get property of non-object in /var/www/html/matrite/index.php on line 63
[15-Jan-2018 14:37:42 Europe/Berlin] PHP Stack trace:
[15-Jan-2018 14:37:42 Europe/Berlin] PHP   1. {main}() /var/www/html/matrite/index.php:0
[15-Jan-2018 14:37:42 Europe/Berlin] PHP   2. Klein\Klein->dispatch() /var/www/html/matrite/index.php:91
[15-Jan-2018 14:37:42 Europe/Berlin] PHP   3. Klein\Klein->handleRouteCallback() /var/www/html/matrite/vendor/klein/klein/src/Klein/Klein.php:588
[15-Jan-2018 14:37:42 Europe/Berlin] PHP   4. call_user_func:{/var/www/html/matrite/vendor/klein/klein/src/Klein/Klein.php:887}() /var/www/html/matrite/vendor/klein/klein/src/Klein/Klein.php:887
[15-Jan-2018 14:37:42 Europe/Berlin] PHP   5. {closure:/var/www/html/matrite/index.php:62-73}() /var/www/html/matrite/vendor/klein/klein/src/Klein/Klein.php:887
[15-Jan-2018 14:37:42 Europe/Berlin] PHP Fatal error:  Uncaught exception 'Klein\Exceptions\LockedResponseException' with message 'Response is locked' in /var/www/html/matrite/vendor/klein/klein/src/Klein/AbstractResponse.php:276
Stack trace:
#0 /var/www/html/matrite/vendor/klein/klein/src/Klein/AbstractResponse.php(211): Klein\AbstractResponse->requireUnlocked()
#1 /var/www/html/matrite/vendor/klein/klein/src/Klein/Klein.php(948): Klein\AbstractResponse->code(500)
#2 /var/www/html/matrite/vendor/klein/klein/src/Klein/Klein.php(647): Klein\Klein->error(Object(Klein\Exceptions\LockedResponseException))
#3 /var/www/html/matrite/index.php(91): Klein\Klein->dispatch()
#4 {main}
  thrown in /var/www/html/matrite/vendor/klein/klein/src/Klein/AbstractResponse.php on line 276
[15-Jan-2018 14:40:20 Europe/Berlin] PHP Notice:  Undefined variable: base in /var/www/html/matrite/index.php on line 34
[15-Jan-2018 14:40:20 Europe/Berlin] PHP Stack trace:
[15-Jan-2018 14:40:20 Europe/Berlin] PHP   1. {main}() /var/www/html/matrite/index.php:0
[15-Jan-2018 14:40:20 Europe/Berlin] PHP   2. Klein\Klein->dispatch() /var/www/html/matrite/index.php:91
[15-Jan-2018 14:40:20 Europe/Berlin] PHP   3. Klein\Klein->handleRouteCallback() /var/www/html/matrite/vendor/klein/klein/src/Klein/Klein.php:588
[15-Jan-2018 14:40:20 Europe/Berlin] PHP   4. call_user_func:{/var/www/html/matrite/vendor/klein/klein/src/Klein/Klein.php:887}() /var/www/html/matrite/vendor/klein/klein/src/Klein/Klein.php:887
[15-Jan-2018 14:40:20 Europe/Berlin] PHP   5. {closure:/var/www/html/matrite/index.php:23-38}() /var/www/html/matrite/vendor/klein/klein/src/Klein/Klein.php:887
[15-Jan-2018 14:40:20 Europe/Berlin] PHP Notice:  Undefined variable: base in /var/www/html/matrite/index.php on line 34
[15-Jan-2018 14:40:20 Europe/Berlin] PHP Stack trace:
[15-Jan-2018 14:40:20 Europe/Berlin] PHP   1. {main}() /var/www/html/matrite/index.php:0
[15-Jan-2018 14:40:20 Europe/Berlin] PHP   2. Klein\Klein->dispatch() /var/www/html/matrite/index.php:91
[15-Jan-2018 14:40:20 Europe/Berlin] PHP   3. Klein\Klein->handleRouteCallback() /var/www/html/matrite/vendor/klein/klein/src/Klein/Klein.php:588
[15-Jan-2018 14:40:20 Europe/Berlin] PHP   4. call_user_func:{/var/www/html/matrite/vendor/klein/klein/src/Klein/Klein.php:887}() /var/www/html/matrite/vendor/klein/klein/src/Klein/Klein.php:887
[15-Jan-2018 14:40:20 Europe/Berlin] PHP   5. {closure:/var/www/html/matrite/index.php:23-38}() /var/www/html/matrite/vendor/klein/klein/src/Klein/Klein.php:887
[15-Jan-2018 14:40:20 Europe/Berlin] PHP Notice:  Undefined variable: base in /var/www/html/matrite/index.php on line 34
[15-Jan-2018 14:40:20 Europe/Berlin] PHP Stack trace:
[15-Jan-2018 14:40:20 Europe/Berlin] PHP   1. {main}() /var/www/html/matrite/index.php:0
[15-Jan-2018 14:40:20 Europe/Berlin] PHP   2. Klein\Klein->dispatch() /var/www/html/matrite/index.php:91
[15-Jan-2018 14:40:20 Europe/Berlin] PHP   3. Klein\Klein->handleRouteCallback() /var/www/html/matrite/vendor/klein/klein/src/Klein/Klein.php:588
[15-Jan-2018 14:40:20 Europe/Berlin] PHP   4. call_user_func:{/var/www/html/matrite/vendor/klein/klein/src/Klein/Klein.php:887}() /var/www/html/matrite/vendor/klein/klein/src/Klein/Klein.php:887
[15-Jan-2018 14:40:20 Europe/Berlin] PHP   5. {closure:/var/www/html/matrite/index.php:23-38}() /var/www/html/matrite/vendor/klein/klein/src/Klein/Klein.php:887
[15-Jan-2018 14:40:20 Europe/Berlin] PHP Notice:  Undefined variable: base in /var/www/html/matrite/index.php on line 34
[15-Jan-2018 14:40:20 Europe/Berlin] PHP Stack trace:
[15-Jan-2018 14:40:20 Europe/Berlin] PHP   1. {main}() /var/www/html/matrite/index.php:0
[15-Jan-2018 14:40:20 Europe/Berlin] PHP   2. Klein\Klein->dispatch() /var/www/html/matrite/index.php:91
[15-Jan-2018 14:40:20 Europe/Berlin] PHP   3. Klein\Klein->handleRouteCallback() /var/www/html/matrite/vendor/klein/klein/src/Klein/Klein.php:588
[15-Jan-2018 14:40:20 Europe/Berlin] PHP   4. call_user_func:{/var/www/html/matrite/vendor/klein/klein/src/Klein/Klein.php:887}() /var/www/html/matrite/vendor/klein/klein/src/Klein/Klein.php:887
[15-Jan-2018 14:40:20 Europe/Berlin] PHP   5. {closure:/var/www/html/matrite/index.php:23-38}() /var/www/html/matrite/vendor/klein/klein/src/Klein/Klein.php:887
[15-Jan-2018 14:40:20 Europe/Berlin] PHP Notice:  Undefined variable: base in /var/www/html/matrite/index.php on line 34
[15-Jan-2018 14:40:20 Europe/Berlin] PHP Stack trace:
[15-Jan-2018 14:40:20 Europe/Berlin] PHP   1. {main}() /var/www/html/matrite/index.php:0
[15-Jan-2018 14:40:20 Europe/Berlin] PHP   2. Klein\Klein->dispatch() /var/www/html/matrite/index.php:91
[15-Jan-2018 14:40:20 Europe/Berlin] PHP   3. Klein\Klein->handleRouteCallback() /var/www/html/matrite/vendor/klein/klein/src/Klein/Klein.php:588
[15-Jan-2018 14:40:20 Europe/Berlin] PHP   4. call_user_func:{/var/www/html/matrite/vendor/klein/klein/src/Klein/Klein.php:887}() /var/www/html/matrite/vendor/klein/klein/src/Klein/Klein.php:887
[15-Jan-2018 14:40:20 Europe/Berlin] PHP   5. {closure:/var/www/html/matrite/index.php:23-38}() /var/www/html/matrite/vendor/klein/klein/src/Klein/Klein.php:887
[15-Jan-2018 14:40:20 Europe/Berlin] PHP Notice:  Undefined variable: base in /var/www/html/matrite/index.php on line 34
[15-Jan-2018 14:40:20 Europe/Berlin] PHP Stack trace:
[15-Jan-2018 14:40:20 Europe/Berlin] PHP   1. {main}() /var/www/html/matrite/index.php:0
[15-Jan-2018 14:40:20 Europe/Berlin] PHP   2. Klein\Klein->dispatch() /var/www/html/matrite/index.php:91
[15-Jan-2018 14:40:20 Europe/Berlin] PHP   3. Klein\Klein->handleRouteCallback() /var/www/html/matrite/vendor/klein/klein/src/Klein/Klein.php:588
[15-Jan-2018 14:40:20 Europe/Berlin] PHP   4. call_user_func:{/var/www/html/matrite/vendor/klein/klein/src/Klein/Klein.php:887}() /var/www/html/matrite/vendor/klein/klein/src/Klein/Klein.php:887
[15-Jan-2018 14:40:20 Europe/Berlin] PHP   5. {closure:/var/www/html/matrite/index.php:23-38}() /var/www/html/matrite/vendor/klein/klein/src/Klein/Klein.php:887
[15-Jan-2018 14:40:20 Europe/Berlin] PHP Notice:  Undefined variable: base in /var/www/html/matrite/index.php on line 34
[15-Jan-2018 14:40:20 Europe/Berlin] PHP Stack trace:
[15-Jan-2018 14:40:20 Europe/Berlin] PHP   1. {main}() /var/www/html/matrite/index.php:0
[15-Jan-2018 14:40:20 Europe/Berlin] PHP   2. Klein\Klein->dispatch() /var/www/html/matrite/index.php:91
[15-Jan-2018 14:40:20 Europe/Berlin] PHP   3. Klein\Klein->handleRouteCallback() /var/www/html/matrite/vendor/klein/klein/src/Klein/Klein.php:588
[15-Jan-2018 14:40:20 Europe/Berlin] PHP   4. call_user_func:{/var/www/html/matrite/vendor/klein/klein/src/Klein/Klein.php:887}() /var/www/html/matrite/vendor/klein/klein/src/Klein/Klein.php:887
[15-Jan-2018 14:40:20 Europe/Berlin] PHP   5. {closure:/var/www/html/matrite/index.php:23-38}() /var/www/html/matrite/vendor/klein/klein/src/Klein/Klein.php:887
[15-Jan-2018 14:40:20 Europe/Berlin] PHP Notice:  Undefined variable: base in /var/www/html/matrite/index.php on line 34
[15-Jan-2018 14:40:20 Europe/Berlin] PHP Stack trace:
[15-Jan-2018 14:40:20 Europe/Berlin] PHP   1. {main}() /var/www/html/matrite/index.php:0
[15-Jan-2018 14:40:20 Europe/Berlin] PHP   2. Klein\Klein->dispatch() /var/www/html/matrite/index.php:91
[15-Jan-2018 14:40:20 Europe/Berlin] PHP   3. Klein\Klein->handleRouteCallback() /var/www/html/matrite/vendor/klein/klein/src/Klein/Klein.php:588
[15-Jan-2018 14:40:20 Europe/Berlin] PHP   4. call_user_func:{/var/www/html/matrite/vendor/klein/klein/src/Klein/Klein.php:887}() /var/www/html/matrite/vendor/klein/klein/src/Klein/Klein.php:887
[15-Jan-2018 14:40:20 Europe/Berlin] PHP   5. {closure:/var/www/html/matrite/index.php:23-38}() /var/www/html/matrite/vendor/klein/klein/src/Klein/Klein.php:887
[15-Jan-2018 14:40:20 Europe/Berlin] PHP Notice:  Undefined variable: base in /var/www/html/matrite/index.php on line 34
[15-Jan-2018 14:40:20 Europe/Berlin] PHP Stack trace:
[15-Jan-2018 14:40:20 Europe/Berlin] PHP   1. {main}() /var/www/html/matrite/index.php:0
[15-Jan-2018 14:40:20 Europe/Berlin] PHP   2. Klein\Klein->dispatch() /var/www/html/matrite/index.php:91
[15-Jan-2018 14:40:20 Europe/Berlin] PHP   3. Klein\Klein->handleRouteCallback() /var/www/html/matrite/vendor/klein/klein/src/Klein/Klein.php:588
[15-Jan-2018 14:40:20 Europe/Berlin] PHP   4. call_user_func:{/var/www/html/matrite/vendor/klein/klein/src/Klein/Klein.php:887}() /var/www/html/matrite/vendor/klein/klein/src/Klein/Klein.php:887
[15-Jan-2018 14:40:20 Europe/Berlin] PHP   5. {closure:/var/www/html/matrite/index.php:23-38}() /var/www/html/matrite/vendor/klein/klein/src/Klein/Klein.php:887
[15-Jan-2018 14:40:20 Europe/Berlin] PHP Notice:  Undefined variable: base in /var/www/html/matrite/index.php on line 34
[15-Jan-2018 14:40:20 Europe/Berlin] PHP Stack trace:
[15-Jan-2018 14:40:20 Europe/Berlin] PHP   1. {main}() /var/www/html/matrite/index.php:0
[15-Jan-2018 14:40:20 Europe/Berlin] PHP   2. Klein\Klein->dispatch() /var/www/html/matrite/index.php:91
[15-Jan-2018 14:40:20 Europe/Berlin] PHP   3. Klein\Klein->handleRouteCallback() /var/www/html/matrite/vendor/klein/klein/src/Klein/Klein.php:588
[15-Jan-2018 14:40:20 Europe/Berlin] PHP   4. call_user_func:{/var/www/html/matrite/vendor/klein/klein/src/Klein/Klein.php:887}() /var/www/html/matrite/vendor/klein/klein/src/Klein/Klein.php:887
[15-Jan-2018 14:40:20 Europe/Berlin] PHP   5. {closure:/var/www/html/matrite/index.php:23-38}() /var/www/html/matrite/vendor/klein/klein/src/Klein/Klein.php:887
[15-Jan-2018 14:40:20 Europe/Berlin] PHP Notice:  Undefined variable: base in /var/www/html/matrite/index.php on line 34
[15-Jan-2018 14:40:20 Europe/Berlin] PHP Stack trace:
[15-Jan-2018 14:40:20 Europe/Berlin] PHP   1. {main}() /var/www/html/matrite/index.php:0
[15-Jan-2018 14:40:20 Europe/Berlin] PHP   2. Klein\Klein->dispatch() /var/www/html/matrite/index.php:91
[15-Jan-2018 14:40:20 Europe/Berlin] PHP   3. Klein\Klein->handleRouteCallback() /var/www/html/matrite/vendor/klein/klein/src/Klein/Klein.php:588
[15-Jan-2018 14:40:20 Europe/Berlin] PHP   4. call_user_func:{/var/www/html/matrite/vendor/klein/klein/src/Klein/Klein.php:887}() /var/www/html/matrite/vendor/klein/klein/src/Klein/Klein.php:887
[15-Jan-2018 14:40:20 Europe/Berlin] PHP   5. {closure:/var/www/html/matrite/index.php:23-38}() /var/www/html/matrite/vendor/klein/klein/src/Klein/Klein.php:887
[15-Jan-2018 14:40:20 Europe/Berlin] PHP Notice:  Undefined variable: base in /var/www/html/matrite/index.php on line 34
[15-Jan-2018 14:40:20 Europe/Berlin] PHP Stack trace:
[15-Jan-2018 14:40:20 Europe/Berlin] PHP   1. {main}() /var/www/html/matrite/index.php:0
[15-Jan-2018 14:40:20 Europe/Berlin] PHP   2. Klein\Klein->dispatch() /var/www/html/matrite/index.php:91
[15-Jan-2018 14:40:20 Europe/Berlin] PHP   3. Klein\Klein->handleRouteCallback() /var/www/html/matrite/vendor/klein/klein/src/Klein/Klein.php:588
[15-Jan-2018 14:40:20 Europe/Berlin] PHP   4. call_user_func:{/var/www/html/matrite/vendor/klein/klein/src/Klein/Klein.php:887}() /var/www/html/matrite/vendor/klein/klein/src/Klein/Klein.php:887
[15-Jan-2018 14:40:20 Europe/Berlin] PHP   5. {closure:/var/www/html/matrite/index.php:23-38}() /var/www/html/matrite/vendor/klein/klein/src/Klein/Klein.php:887
[15-Jan-2018 14:40:20 Europe/Berlin] PHP Notice:  Undefined variable: base in /var/www/html/matrite/index.php on line 34
[15-Jan-2018 14:40:20 Europe/Berlin] PHP Stack trace:
[15-Jan-2018 14:40:20 Europe/Berlin] PHP   1. {main}() /var/www/html/matrite/index.php:0
[15-Jan-2018 14:40:20 Europe/Berlin] PHP   2. Klein\Klein->dispatch() /var/www/html/matrite/index.php:91
[15-Jan-2018 14:40:20 Europe/Berlin] PHP   3. Klein\Klein->handleRouteCallback() /var/www/html/matrite/vendor/klein/klein/src/Klein/Klein.php:588
[15-Jan-2018 14:40:20 Europe/Berlin] PHP   4. call_user_func:{/var/www/html/matrite/vendor/klein/klein/src/Klein/Klein.php:887}() /var/www/html/matrite/vendor/klein/klein/src/Klein/Klein.php:887
[15-Jan-2018 14:40:20 Europe/Berlin] PHP   5. {closure:/var/www/html/matrite/index.php:23-38}() /var/www/html/matrite/vendor/klein/klein/src/Klein/Klein.php:887
[15-Jan-2018 14:40:20 Europe/Berlin] PHP Notice:  Undefined variable: base in /var/www/html/matrite/index.php on line 34
[15-Jan-2018 14:40:20 Europe/Berlin] PHP Stack trace:
[15-Jan-2018 14:40:20 Europe/Berlin] PHP   1. {main}() /var/www/html/matrite/index.php:0
[15-Jan-2018 14:40:20 Europe/Berlin] PHP   2. Klein\Klein->dispatch() /var/www/html/matrite/index.php:91
[15-Jan-2018 14:40:20 Europe/Berlin] PHP   3. Klein\Klein->handleRouteCallback() /var/www/html/matrite/vendor/klein/klein/src/Klein/Klein.php:588
[15-Jan-2018 14:40:20 Europe/Berlin] PHP   4. call_user_func:{/var/www/html/matrite/vendor/klein/klein/src/Klein/Klein.php:887}() /var/www/html/matrite/vendor/klein/klein/src/Klein/Klein.php:887
[15-Jan-2018 14:40:20 Europe/Berlin] PHP   5. {closure:/var/www/html/matrite/index.php:23-38}() /var/www/html/matrite/vendor/klein/klein/src/Klein/Klein.php:887
[15-Jan-2018 14:40:20 Europe/Berlin] PHP Notice:  Undefined variable: base in /var/www/html/matrite/index.php on line 34
[15-Jan-2018 14:40:20 Europe/Berlin] PHP Stack trace:
[15-Jan-2018 14:40:20 Europe/Berlin] PHP   1. {main}() /var/www/html/matrite/index.php:0
[15-Jan-2018 14:40:20 Europe/Berlin] PHP   2. Klein\Klein->dispatch() /var/www/html/matrite/index.php:91
[15-Jan-2018 14:40:20 Europe/Berlin] PHP   3. Klein\Klein->handleRouteCallback() /var/www/html/matrite/vendor/klein/klein/src/Klein/Klein.php:588
[15-Jan-2018 14:40:20 Europe/Berlin] PHP   4. call_user_func:{/var/www/html/matrite/vendor/klein/klein/src/Klein/Klein.php:887}() /var/www/html/matrite/vendor/klein/klein/src/Klein/Klein.php:887
[15-Jan-2018 14:40:20 Europe/Berlin] PHP   5. {closure:/var/www/html/matrite/index.php:23-38}() /var/www/html/matrite/vendor/klein/klein/src/Klein/Klein.php:887
[15-Jan-2018 14:40:20 Europe/Berlin] PHP Notice:  Undefined variable: base in /var/www/html/matrite/index.php on line 34
[15-Jan-2018 14:40:20 Europe/Berlin] PHP Stack trace:
[15-Jan-2018 14:40:20 Europe/Berlin] PHP   1. {main}() /var/www/html/matrite/index.php:0
[15-Jan-2018 14:40:20 Europe/Berlin] PHP   2. Klein\Klein->dispatch() /var/www/html/matrite/index.php:91
[15-Jan-2018 14:40:20 Europe/Berlin] PHP   3. Klein\Klein->handleRouteCallback() /var/www/html/matrite/vendor/klein/klein/src/Klein/Klein.php:588
[15-Jan-2018 14:40:20 Europe/Berlin] PHP   4. call_user_func:{/var/www/html/matrite/vendor/klein/klein/src/Klein/Klein.php:887}() /var/www/html/matrite/vendor/klein/klein/src/Klein/Klein.php:887
[15-Jan-2018 14:40:20 Europe/Berlin] PHP   5. {closure:/var/www/html/matrite/index.php:23-38}() /var/www/html/matrite/vendor/klein/klein/src/Klein/Klein.php:887
[15-Jan-2018 14:40:20 Europe/Berlin] PHP Notice:  Undefined variable: base in /var/www/html/matrite/index.php on line 34
[15-Jan-2018 14:40:20 Europe/Berlin] PHP Stack trace:
[15-Jan-2018 14:40:20 Europe/Berlin] PHP   1. {main}() /var/www/html/matrite/index.php:0
[15-Jan-2018 14:40:20 Europe/Berlin] PHP   2. Klein\Klein->dispatch() /var/www/html/matrite/index.php:91
[15-Jan-2018 14:40:20 Europe/Berlin] PHP   3. Klein\Klein->handleRouteCallback() /var/www/html/matrite/vendor/klein/klein/src/Klein/Klein.php:588
[15-Jan-2018 14:40:20 Europe/Berlin] PHP   4. call_user_func:{/var/www/html/matrite/vendor/klein/klein/src/Klein/Klein.php:887}() /var/www/html/matrite/vendor/klein/klein/src/Klein/Klein.php:887
[15-Jan-2018 14:40:20 Europe/Berlin] PHP   5. {closure:/var/www/html/matrite/index.php:23-38}() /var/www/html/matrite/vendor/klein/klein/src/Klein/Klein.php:887
[15-Jan-2018 14:40:20 Europe/Berlin] PHP Notice:  Undefined variable: base in /var/www/html/matrite/index.php on line 34
[15-Jan-2018 14:40:20 Europe/Berlin] PHP Stack trace:
[15-Jan-2018 14:40:20 Europe/Berlin] PHP   1. {main}() /var/www/html/matrite/index.php:0
[15-Jan-2018 14:40:20 Europe/Berlin] PHP   2. Klein\Klein->dispatch() /var/www/html/matrite/index.php:91
[15-Jan-2018 14:40:20 Europe/Berlin] PHP   3. Klein\Klein->handleRouteCallback() /var/www/html/matrite/vendor/klein/klein/src/Klein/Klein.php:588
[15-Jan-2018 14:40:20 Europe/Berlin] PHP   4. call_user_func:{/var/www/html/matrite/vendor/klein/klein/src/Klein/Klein.php:887}() /var/www/html/matrite/vendor/klein/klein/src/Klein/Klein.php:887
[15-Jan-2018 14:40:20 Europe/Berlin] PHP   5. {closure:/var/www/html/matrite/index.php:23-38}() /var/www/html/matrite/vendor/klein/klein/src/Klein/Klein.php:887
[15-Jan-2018 14:40:20 Europe/Berlin] PHP Notice:  Undefined variable: base in /var/www/html/matrite/index.php on line 34
[15-Jan-2018 14:40:20 Europe/Berlin] PHP Stack trace:
[15-Jan-2018 14:40:20 Europe/Berlin] PHP   1. {main}() /var/www/html/matrite/index.php:0
[15-Jan-2018 14:40:20 Europe/Berlin] PHP   2. Klein\Klein->dispatch() /var/www/html/matrite/index.php:91
[15-Jan-2018 14:40:20 Europe/Berlin] PHP   3. Klein\Klein->handleRouteCallback() /var/www/html/matrite/vendor/klein/klein/src/Klein/Klein.php:588
[15-Jan-2018 14:40:20 Europe/Berlin] PHP   4. call_user_func:{/var/www/html/matrite/vendor/klein/klein/src/Klein/Klein.php:887}() /var/www/html/matrite/vendor/klein/klein/src/Klein/Klein.php:887
[15-Jan-2018 14:40:20 Europe/Berlin] PHP   5. {closure:/var/www/html/matrite/index.php:23-38}() /var/www/html/matrite/vendor/klein/klein/src/Klein/Klein.php:887
[15-Jan-2018 14:40:20 Europe/Berlin] PHP Notice:  Undefined variable: base in /var/www/html/matrite/index.php on line 34
[15-Jan-2018 14:40:20 Europe/Berlin] PHP Stack trace:
[15-Jan-2018 14:40:20 Europe/Berlin] PHP   1. {main}() /var/www/html/matrite/index.php:0
[15-Jan-2018 14:40:20 Europe/Berlin] PHP   2. Klein\Klein->dispatch() /var/www/html/matrite/index.php:91
[15-Jan-2018 14:40:20 Europe/Berlin] PHP   3. Klein\Klein->handleRouteCallback() /var/www/html/matrite/vendor/klein/klein/src/Klein/Klein.php:588
[15-Jan-2018 14:40:20 Europe/Berlin] PHP   4. call_user_func:{/var/www/html/matrite/vendor/klein/klein/src/Klein/Klein.php:887}() /var/www/html/matrite/vendor/klein/klein/src/Klein/Klein.php:887
[15-Jan-2018 14:40:20 Europe/Berlin] PHP   5. {closure:/var/www/html/matrite/index.php:23-38}() /var/www/html/matrite/vendor/klein/klein/src/Klein/Klein.php:887
[15-Jan-2018 14:40:20 Europe/Berlin] PHP Notice:  Undefined variable: base in /var/www/html/matrite/index.php on line 34
[15-Jan-2018 14:40:20 Europe/Berlin] PHP Stack trace:
[15-Jan-2018 14:40:20 Europe/Berlin] PHP   1. {main}() /var/www/html/matrite/index.php:0
[15-Jan-2018 14:40:20 Europe/Berlin] PHP   2. Klein\Klein->dispatch() /var/www/html/matrite/index.php:91
[15-Jan-2018 14:40:20 Europe/Berlin] PHP   3. Klein\Klein->handleRouteCallback() /var/www/html/matrite/vendor/klein/klein/src/Klein/Klein.php:588
[15-Jan-2018 14:40:20 Europe/Berlin] PHP   4. call_user_func:{/var/www/html/matrite/vendor/klein/klein/src/Klein/Klein.php:887}() /var/www/html/matrite/vendor/klein/klein/src/Klein/Klein.php:887
[15-Jan-2018 14:40:20 Europe/Berlin] PHP   5. {closure:/var/www/html/matrite/index.php:23-38}() /var/www/html/matrite/vendor/klein/klein/src/Klein/Klein.php:887
[15-Jan-2018 14:40:30 Europe/Berlin] PHP Notice:  Undefined variable: base in /var/www/html/matrite/index.php on line 34
[15-Jan-2018 14:40:30 Europe/Berlin] PHP Stack trace:
[15-Jan-2018 14:40:30 Europe/Berlin] PHP   1. {main}() /var/www/html/matrite/index.php:0
[15-Jan-2018 14:40:30 Europe/Berlin] PHP   2. Klein\Klein->dispatch() /var/www/html/matrite/index.php:91
[15-Jan-2018 14:40:30 Europe/Berlin] PHP   3. Klein\Klein->handleRouteCallback() /var/www/html/matrite/vendor/klein/klein/src/Klein/Klein.php:588
[15-Jan-2018 14:40:30 Europe/Berlin] PHP   4. call_user_func:{/var/www/html/matrite/vendor/klein/klein/src/Klein/Klein.php:887}() /var/www/html/matrite/vendor/klein/klein/src/Klein/Klein.php:887
[15-Jan-2018 14:40:30 Europe/Berlin] PHP   5. {closure:/var/www/html/matrite/index.php:23-38}() /var/www/html/matrite/vendor/klein/klein/src/Klein/Klein.php:887
[15-Jan-2018 14:40:30 Europe/Berlin] PHP Notice:  Undefined variable: base in /var/www/html/matrite/index.php on line 34
[15-Jan-2018 14:40:30 Europe/Berlin] PHP Stack trace:
[15-Jan-2018 14:40:30 Europe/Berlin] PHP   1. {main}() /var/www/html/matrite/index.php:0
[15-Jan-2018 14:40:30 Europe/Berlin] PHP   2. Klein\Klein->dispatch() /var/www/html/matrite/index.php:91
[15-Jan-2018 14:40:30 Europe/Berlin] PHP   3. Klein\Klein->handleRouteCallback() /var/www/html/matrite/vendor/klein/klein/src/Klein/Klein.php:588
[15-Jan-2018 14:40:30 Europe/Berlin] PHP   4. call_user_func:{/var/www/html/matrite/vendor/klein/klein/src/Klein/Klein.php:887}() /var/www/html/matrite/vendor/klein/klein/src/Klein/Klein.php:887
[15-Jan-2018 14:40:30 Europe/Berlin] PHP   5. {closure:/var/www/html/matrite/index.php:23-38}() /var/www/html/matrite/vendor/klein/klein/src/Klein/Klein.php:887
[15-Jan-2018 14:40:30 Europe/Berlin] PHP Notice:  Undefined variable: base in /var/www/html/matrite/index.php on line 34
[15-Jan-2018 14:40:30 Europe/Berlin] PHP Stack trace:
[15-Jan-2018 14:40:30 Europe/Berlin] PHP   1. {main}() /var/www/html/matrite/index.php:0
[15-Jan-2018 14:40:30 Europe/Berlin] PHP   2. Klein\Klein->dispatch() /var/www/html/matrite/index.php:91
[15-Jan-2018 14:40:30 Europe/Berlin] PHP   3. Klein\Klein->handleRouteCallback() /var/www/html/matrite/vendor/klein/klein/src/Klein/Klein.php:588
[15-Jan-2018 14:40:30 Europe/Berlin] PHP   4. call_user_func:{/var/www/html/matrite/vendor/klein/klein/src/Klein/Klein.php:887}() /var/www/html/matrite/vendor/klein/klein/src/Klein/Klein.php:887
[15-Jan-2018 14:40:30 Europe/Berlin] PHP   5. {closure:/var/www/html/matrite/index.php:23-38}() /var/www/html/matrite/vendor/klein/klein/src/Klein/Klein.php:887
[15-Jan-2018 14:40:30 Europe/Berlin] PHP Notice:  Undefined variable: base in /var/www/html/matrite/index.php on line 34
[15-Jan-2018 14:40:30 Europe/Berlin] PHP Stack trace:
[15-Jan-2018 14:40:30 Europe/Berlin] PHP   1. {main}() /var/www/html/matrite/index.php:0
[15-Jan-2018 14:40:30 Europe/Berlin] PHP   2. Klein\Klein->dispatch() /var/www/html/matrite/index.php:91
[15-Jan-2018 14:40:30 Europe/Berlin] PHP   3. Klein\Klein->handleRouteCallback() /var/www/html/matrite/vendor/klein/klein/src/Klein/Klein.php:588
[15-Jan-2018 14:40:30 Europe/Berlin] PHP   4. call_user_func:{/var/www/html/matrite/vendor/klein/klein/src/Klein/Klein.php:887}() /var/www/html/matrite/vendor/klein/klein/src/Klein/Klein.php:887
[15-Jan-2018 14:40:30 Europe/Berlin] PHP   5. {closure:/var/www/html/matrite/index.php:23-38}() /var/www/html/matrite/vendor/klein/klein/src/Klein/Klein.php:887
[15-Jan-2018 14:40:30 Europe/Berlin] PHP Notice:  Undefined variable: base in /var/www/html/matrite/index.php on line 34
[15-Jan-2018 14:40:30 Europe/Berlin] PHP Stack trace:
[15-Jan-2018 14:40:30 Europe/Berlin] PHP   1. {main}() /var/www/html/matrite/index.php:0
[15-Jan-2018 14:40:30 Europe/Berlin] PHP   2. Klein\Klein->dispatch() /var/www/html/matrite/index.php:91
[15-Jan-2018 14:40:30 Europe/Berlin] PHP   3. Klein\Klein->handleRouteCallback() /var/www/html/matrite/vendor/klein/klein/src/Klein/Klein.php:588
[15-Jan-2018 14:40:30 Europe/Berlin] PHP   4. call_user_func:{/var/www/html/matrite/vendor/klein/klein/src/Klein/Klein.php:887}() /var/www/html/matrite/vendor/klein/klein/src/Klein/Klein.php:887
[15-Jan-2018 14:40:30 Europe/Berlin] PHP   5. {closure:/var/www/html/matrite/index.php:23-38}() /var/www/html/matrite/vendor/klein/klein/src/Klein/Klein.php:887
[15-Jan-2018 14:40:30 Europe/Berlin] PHP Notice:  Undefined variable: base in /var/www/html/matrite/index.php on line 34
[15-Jan-2018 14:40:30 Europe/Berlin] PHP Stack trace:
[15-Jan-2018 14:40:30 Europe/Berlin] PHP   1. {main}() /var/www/html/matrite/index.php:0
[15-Jan-2018 14:40:30 Europe/Berlin] PHP   2. Klein\Klein->dispatch() /var/www/html/matrite/index.php:91
[15-Jan-2018 14:40:30 Europe/Berlin] PHP   3. Klein\Klein->handleRouteCallback() /var/www/html/matrite/vendor/klein/klein/src/Klein/Klein.php:588
[15-Jan-2018 14:40:30 Europe/Berlin] PHP   4. call_user_func:{/var/www/html/matrite/vendor/klein/klein/src/Klein/Klein.php:887}() /var/www/html/matrite/vendor/klein/klein/src/Klein/Klein.php:887
[15-Jan-2018 14:40:30 Europe/Berlin] PHP   5. {closure:/var/www/html/matrite/index.php:23-38}() /var/www/html/matrite/vendor/klein/klein/src/Klein/Klein.php:887
[15-Jan-2018 14:40:30 Europe/Berlin] PHP Notice:  Undefined variable: base in /var/www/html/matrite/index.php on line 34
[15-Jan-2018 14:40:30 Europe/Berlin] PHP Stack trace:
[15-Jan-2018 14:40:30 Europe/Berlin] PHP   1. {main}() /var/www/html/matrite/index.php:0
[15-Jan-2018 14:40:30 Europe/Berlin] PHP   2. Klein\Klein->dispatch() /var/www/html/matrite/index.php:91
[15-Jan-2018 14:40:30 Europe/Berlin] PHP   3. Klein\Klein->handleRouteCallback() /var/www/html/matrite/vendor/klein/klein/src/Klein/Klein.php:588
[15-Jan-2018 14:40:30 Europe/Berlin] PHP   4. call_user_func:{/var/www/html/matrite/vendor/klein/klein/src/Klein/Klein.php:887}() /var/www/html/matrite/vendor/klein/klein/src/Klein/Klein.php:887
[15-Jan-2018 14:40:30 Europe/Berlin] PHP   5. {closure:/var/www/html/matrite/index.php:23-38}() /var/www/html/matrite/vendor/klein/klein/src/Klein/Klein.php:887
[15-Jan-2018 14:40:30 Europe/Berlin] PHP Notice:  Undefined variable: base in /var/www/html/matrite/index.php on line 34
[15-Jan-2018 14:40:30 Europe/Berlin] PHP Stack trace:
[15-Jan-2018 14:40:30 Europe/Berlin] PHP   1. {main}() /var/www/html/matrite/index.php:0
[15-Jan-2018 14:40:30 Europe/Berlin] PHP   2. Klein\Klein->dispatch() /var/www/html/matrite/index.php:91
[15-Jan-2018 14:40:30 Europe/Berlin] PHP   3. Klein\Klein->handleRouteCallback() /var/www/html/matrite/vendor/klein/klein/src/Klein/Klein.php:588
[15-Jan-2018 14:40:30 Europe/Berlin] PHP   4. call_user_func:{/var/www/html/matrite/vendor/klein/klein/src/Klein/Klein.php:887}() /var/www/html/matrite/vendor/klein/klein/src/Klein/Klein.php:887
[15-Jan-2018 14:40:30 Europe/Berlin] PHP   5. {closure:/var/www/html/matrite/index.php:23-38}() /var/www/html/matrite/vendor/klein/klein/src/Klein/Klein.php:887
[15-Jan-2018 14:40:30 Europe/Berlin] PHP Notice:  Undefined variable: base in /var/www/html/matrite/index.php on line 34
[15-Jan-2018 14:40:30 Europe/Berlin] PHP Stack trace:
[15-Jan-2018 14:40:30 Europe/Berlin] PHP   1. {main}() /var/www/html/matrite/index.php:0
[15-Jan-2018 14:40:30 Europe/Berlin] PHP   2. Klein\Klein->dispatch() /var/www/html/matrite/index.php:91
[15-Jan-2018 14:40:30 Europe/Berlin] PHP   3. Klein\Klein->handleRouteCallback() /var/www/html/matrite/vendor/klein/klein/src/Klein/Klein.php:588
[15-Jan-2018 14:40:30 Europe/Berlin] PHP   4. call_user_func:{/var/www/html/matrite/vendor/klein/klein/src/Klein/Klein.php:887}() /var/www/html/matrite/vendor/klein/klein/src/Klein/Klein.php:887
[15-Jan-2018 14:40:30 Europe/Berlin] PHP   5. {closure:/var/www/html/matrite/index.php:23-38}() /var/www/html/matrite/vendor/klein/klein/src/Klein/Klein.php:887
[15-Jan-2018 14:40:30 Europe/Berlin] PHP Notice:  Undefined variable: base in /var/www/html/matrite/index.php on line 34
[15-Jan-2018 14:40:30 Europe/Berlin] PHP Stack trace:
[15-Jan-2018 14:40:30 Europe/Berlin] PHP   1. {main}() /var/www/html/matrite/index.php:0
[15-Jan-2018 14:40:30 Europe/Berlin] PHP   2. Klein\Klein->dispatch() /var/www/html/matrite/index.php:91
[15-Jan-2018 14:40:30 Europe/Berlin] PHP   3. Klein\Klein->handleRouteCallback() /var/www/html/matrite/vendor/klein/klein/src/Klein/Klein.php:588
[15-Jan-2018 14:40:30 Europe/Berlin] PHP   4. call_user_func:{/var/www/html/matrite/vendor/klein/klein/src/Klein/Klein.php:887}() /var/www/html/matrite/vendor/klein/klein/src/Klein/Klein.php:887
[15-Jan-2018 14:40:30 Europe/Berlin] PHP   5. {closure:/var/www/html/matrite/index.php:23-38}() /var/www/html/matrite/vendor/klein/klein/src/Klein/Klein.php:887
[15-Jan-2018 14:40:30 Europe/Berlin] PHP Notice:  Undefined variable: base in /var/www/html/matrite/index.php on line 34
[15-Jan-2018 14:40:30 Europe/Berlin] PHP Stack trace:
[15-Jan-2018 14:40:30 Europe/Berlin] PHP   1. {main}() /var/www/html/matrite/index.php:0
[15-Jan-2018 14:40:30 Europe/Berlin] PHP   2. Klein\Klein->dispatch() /var/www/html/matrite/index.php:91
[15-Jan-2018 14:40:30 Europe/Berlin] PHP   3. Klein\Klein->handleRouteCallback() /var/www/html/matrite/vendor/klein/klein/src/Klein/Klein.php:588
[15-Jan-2018 14:40:30 Europe/Berlin] PHP   4. call_user_func:{/var/www/html/matrite/vendor/klein/klein/src/Klein/Klein.php:887}() /var/www/html/matrite/vendor/klein/klein/src/Klein/Klein.php:887
[15-Jan-2018 14:40:30 Europe/Berlin] PHP   5. {closure:/var/www/html/matrite/index.php:23-38}() /var/www/html/matrite/vendor/klein/klein/src/Klein/Klein.php:887
[15-Jan-2018 14:40:30 Europe/Berlin] PHP Notice:  Undefined variable: base in /var/www/html/matrite/index.php on line 34
[15-Jan-2018 14:40:30 Europe/Berlin] PHP Stack trace:
[15-Jan-2018 14:40:30 Europe/Berlin] PHP   1. {main}() /var/www/html/matrite/index.php:0
[15-Jan-2018 14:40:30 Europe/Berlin] PHP   2. Klein\Klein->dispatch() /var/www/html/matrite/index.php:91
[15-Jan-2018 14:40:30 Europe/Berlin] PHP   3. Klein\Klein->handleRouteCallback() /var/www/html/matrite/vendor/klein/klein/src/Klein/Klein.php:588
[15-Jan-2018 14:40:30 Europe/Berlin] PHP   4. call_user_func:{/var/www/html/matrite/vendor/klein/klein/src/Klein/Klein.php:887}() /var/www/html/matrite/vendor/klein/klein/src/Klein/Klein.php:887
[15-Jan-2018 14:40:30 Europe/Berlin] PHP   5. {closure:/var/www/html/matrite/index.php:23-38}() /var/www/html/matrite/vendor/klein/klein/src/Klein/Klein.php:887
[15-Jan-2018 14:40:30 Europe/Berlin] PHP Notice:  Undefined variable: base in /var/www/html/matrite/index.php on line 34
[15-Jan-2018 14:40:30 Europe/Berlin] PHP Stack trace:
[15-Jan-2018 14:40:30 Europe/Berlin] PHP   1. {main}() /var/www/html/matrite/index.php:0
[15-Jan-2018 14:40:30 Europe/Berlin] PHP   2. Klein\Klein->dispatch() /var/www/html/matrite/index.php:91
[15-Jan-2018 14:40:30 Europe/Berlin] PHP   3. Klein\Klein->handleRouteCallback() /var/www/html/matrite/vendor/klein/klein/src/Klein/Klein.php:588
[15-Jan-2018 14:40:30 Europe/Berlin] PHP   4. call_user_func:{/var/www/html/matrite/vendor/klein/klein/src/Klein/Klein.php:887}() /var/www/html/matrite/vendor/klein/klein/src/Klein/Klein.php:887
[15-Jan-2018 14:40:30 Europe/Berlin] PHP   5. {closure:/var/www/html/matrite/index.php:23-38}() /var/www/html/matrite/vendor/klein/klein/src/Klein/Klein.php:887
[15-Jan-2018 14:40:30 Europe/Berlin] PHP Notice:  Undefined variable: base in /var/www/html/matrite/index.php on line 34
[15-Jan-2018 14:40:30 Europe/Berlin] PHP Stack trace:
[15-Jan-2018 14:40:30 Europe/Berlin] PHP   1. {main}() /var/www/html/matrite/index.php:0
[15-Jan-2018 14:40:30 Europe/Berlin] PHP   2. Klein\Klein->dispatch() /var/www/html/matrite/index.php:91
[15-Jan-2018 14:40:30 Europe/Berlin] PHP   3. Klein\Klein->handleRouteCallback() /var/www/html/matrite/vendor/klein/klein/src/Klein/Klein.php:588
[15-Jan-2018 14:40:30 Europe/Berlin] PHP   4. call_user_func:{/var/www/html/matrite/vendor/klein/klein/src/Klein/Klein.php:887}() /var/www/html/matrite/vendor/klein/klein/src/Klein/Klein.php:887
[15-Jan-2018 14:40:30 Europe/Berlin] PHP   5. {closure:/var/www/html/matrite/index.php:23-38}() /var/www/html/matrite/vendor/klein/klein/src/Klein/Klein.php:887
[15-Jan-2018 14:40:30 Europe/Berlin] PHP Notice:  Undefined variable: base in /var/www/html/matrite/index.php on line 34
[15-Jan-2018 14:40:30 Europe/Berlin] PHP Stack trace:
[15-Jan-2018 14:40:30 Europe/Berlin] PHP   1. {main}() /var/www/html/matrite/index.php:0
[15-Jan-2018 14:40:30 Europe/Berlin] PHP   2. Klein\Klein->dispatch() /var/www/html/matrite/index.php:91
[15-Jan-2018 14:40:30 Europe/Berlin] PHP   3. Klein\Klein->handleRouteCallback() /var/www/html/matrite/vendor/klein/klein/src/Klein/Klein.php:588
[15-Jan-2018 14:40:30 Europe/Berlin] PHP   4. call_user_func:{/var/www/html/matrite/vendor/klein/klein/src/Klein/Klein.php:887}() /var/www/html/matrite/vendor/klein/klein/src/Klein/Klein.php:887
[15-Jan-2018 14:40:30 Europe/Berlin] PHP   5. {closure:/var/www/html/matrite/index.php:23-38}() /var/www/html/matrite/vendor/klein/klein/src/Klein/Klein.php:887
[15-Jan-2018 14:40:30 Europe/Berlin] PHP Notice:  Undefined variable: base in /var/www/html/matrite/index.php on line 34
[15-Jan-2018 14:40:30 Europe/Berlin] PHP Stack trace:
[15-Jan-2018 14:40:30 Europe/Berlin] PHP   1. {main}() /var/www/html/matrite/index.php:0
[15-Jan-2018 14:40:30 Europe/Berlin] PHP   2. Klein\Klein->dispatch() /var/www/html/matrite/index.php:91
[15-Jan-2018 14:40:30 Europe/Berlin] PHP   3. Klein\Klein->handleRouteCallback() /var/www/html/matrite/vendor/klein/klein/src/Klein/Klein.php:588
[15-Jan-2018 14:40:30 Europe/Berlin] PHP   4. call_user_func:{/var/www/html/matrite/vendor/klein/klein/src/Klein/Klein.php:887}() /var/www/html/matrite/vendor/klein/klein/src/Klein/Klein.php:887
[15-Jan-2018 14:40:30 Europe/Berlin] PHP   5. {closure:/var/www/html/matrite/index.php:23-38}() /var/www/html/matrite/vendor/klein/klein/src/Klein/Klein.php:887
[15-Jan-2018 14:40:30 Europe/Berlin] PHP Notice:  Undefined variable: base in /var/www/html/matrite/index.php on line 34
[15-Jan-2018 14:40:30 Europe/Berlin] PHP Stack trace:
[15-Jan-2018 14:40:30 Europe/Berlin] PHP   1. {main}() /var/www/html/matrite/index.php:0
[15-Jan-2018 14:40:30 Europe/Berlin] PHP   2. Klein\Klein->dispatch() /var/www/html/matrite/index.php:91
[15-Jan-2018 14:40:30 Europe/Berlin] PHP   3. Klein\Klein->handleRouteCallback() /var/www/html/matrite/vendor/klein/klein/src/Klein/Klein.php:588
[15-Jan-2018 14:40:30 Europe/Berlin] PHP   4. call_user_func:{/var/www/html/matrite/vendor/klein/klein/src/Klein/Klein.php:887}() /var/www/html/matrite/vendor/klein/klein/src/Klein/Klein.php:887
[15-Jan-2018 14:40:30 Europe/Berlin] PHP   5. {closure:/var/www/html/matrite/index.php:23-38}() /var/www/html/matrite/vendor/klein/klein/src/Klein/Klein.php:887
[15-Jan-2018 14:40:30 Europe/Berlin] PHP Notice:  Undefined variable: base in /var/www/html/matrite/index.php on line 34
[15-Jan-2018 14:40:30 Europe/Berlin] PHP Stack trace:
[15-Jan-2018 14:40:30 Europe/Berlin] PHP   1. {main}() /var/www/html/matrite/index.php:0
[15-Jan-2018 14:40:30 Europe/Berlin] PHP   2. Klein\Klein->dispatch() /var/www/html/matrite/index.php:91
[15-Jan-2018 14:40:30 Europe/Berlin] PHP   3. Klein\Klein->handleRouteCallback() /var/www/html/matrite/vendor/klein/klein/src/Klein/Klein.php:588
[15-Jan-2018 14:40:30 Europe/Berlin] PHP   4. call_user_func:{/var/www/html/matrite/vendor/klein/klein/src/Klein/Klein.php:887}() /var/www/html/matrite/vendor/klein/klein/src/Klein/Klein.php:887
[15-Jan-2018 14:40:30 Europe/Berlin] PHP   5. {closure:/var/www/html/matrite/index.php:23-38}() /var/www/html/matrite/vendor/klein/klein/src/Klein/Klein.php:887
[15-Jan-2018 14:40:30 Europe/Berlin] PHP Notice:  Undefined variable: base in /var/www/html/matrite/index.php on line 34
[15-Jan-2018 14:40:30 Europe/Berlin] PHP Stack trace:
[15-Jan-2018 14:40:30 Europe/Berlin] PHP   1. {main}() /var/www/html/matrite/index.php:0
[15-Jan-2018 14:40:30 Europe/Berlin] PHP   2. Klein\Klein->dispatch() /var/www/html/matrite/index.php:91
[15-Jan-2018 14:40:30 Europe/Berlin] PHP   3. Klein\Klein->handleRouteCallback() /var/www/html/matrite/vendor/klein/klein/src/Klein/Klein.php:588
[15-Jan-2018 14:40:30 Europe/Berlin] PHP   4. call_user_func:{/var/www/html/matrite/vendor/klein/klein/src/Klein/Klein.php:887}() /var/www/html/matrite/vendor/klein/klein/src/Klein/Klein.php:887
[15-Jan-2018 14:40:30 Europe/Berlin] PHP   5. {closure:/var/www/html/matrite/index.php:23-38}() /var/www/html/matrite/vendor/klein/klein/src/Klein/Klein.php:887
[15-Jan-2018 14:40:30 Europe/Berlin] PHP Notice:  Undefined variable: base in /var/www/html/matrite/index.php on line 34
[15-Jan-2018 14:40:30 Europe/Berlin] PHP Stack trace:
[15-Jan-2018 14:40:30 Europe/Berlin] PHP   1. {main}() /var/www/html/matrite/index.php:0
[15-Jan-2018 14:40:30 Europe/Berlin] PHP   2. Klein\Klein->dispatch() /var/www/html/matrite/index.php:91
[15-Jan-2018 14:40:30 Europe/Berlin] PHP   3. Klein\Klein->handleRouteCallback() /var/www/html/matrite/vendor/klein/klein/src/Klein/Klein.php:588
[15-Jan-2018 14:40:30 Europe/Berlin] PHP   4. call_user_func:{/var/www/html/matrite/vendor/klein/klein/src/Klein/Klein.php:887}() /var/www/html/matrite/vendor/klein/klein/src/Klein/Klein.php:887
[15-Jan-2018 14:40:30 Europe/Berlin] PHP   5. {closure:/var/www/html/matrite/index.php:23-38}() /var/www/html/matrite/vendor/klein/klein/src/Klein/Klein.php:887
[15-Jan-2018 14:40:30 Europe/Berlin] PHP Notice:  Undefined variable: base in /var/www/html/matrite/index.php on line 34
[15-Jan-2018 14:40:30 Europe/Berlin] PHP Stack trace:
[15-Jan-2018 14:40:30 Europe/Berlin] PHP   1. {main}() /var/www/html/matrite/index.php:0
[15-Jan-2018 14:40:30 Europe/Berlin] PHP   2. Klein\Klein->dispatch() /var/www/html/matrite/index.php:91
[15-Jan-2018 14:40:30 Europe/Berlin] PHP   3. Klein\Klein->handleRouteCallback() /var/www/html/matrite/vendor/klein/klein/src/Klein/Klein.php:588
[15-Jan-2018 14:40:30 Europe/Berlin] PHP   4. call_user_func:{/var/www/html/matrite/vendor/klein/klein/src/Klein/Klein.php:887}() /var/www/html/matrite/vendor/klein/klein/src/Klein/Klein.php:887
[15-Jan-2018 14:40:30 Europe/Berlin] PHP   5. {closure:/var/www/html/matrite/index.php:23-38}() /var/www/html/matrite/vendor/klein/klein/src/Klein/Klein.php:887
[15-Jan-2018 14:41:55 Europe/Berlin] PHP Notice:  Undefined variable: app in /var/www/html/matrite/index.php on line 73
[15-Jan-2018 14:41:55 Europe/Berlin] PHP Stack trace:
[15-Jan-2018 14:41:55 Europe/Berlin] PHP   1. {main}() /var/www/html/matrite/index.php:0
[15-Jan-2018 14:41:55 Europe/Berlin] PHP   2. Klein\Klein->dispatch() /var/www/html/matrite/index.php:91
[15-Jan-2018 14:41:55 Europe/Berlin] PHP   3. Klein\Klein->handleRouteCallback() /var/www/html/matrite/vendor/klein/klein/src/Klein/Klein.php:588
[15-Jan-2018 14:41:55 Europe/Berlin] PHP   4. call_user_func:{/var/www/html/matrite/vendor/klein/klein/src/Klein/Klein.php:887}() /var/www/html/matrite/vendor/klein/klein/src/Klein/Klein.php:887
[15-Jan-2018 14:41:55 Europe/Berlin] PHP   5. {closure:/var/www/html/matrite/index.php:72-78}() /var/www/html/matrite/vendor/klein/klein/src/Klein/Klein.php:887
[15-Jan-2018 14:41:55 Europe/Berlin] PHP Notice:  Trying to get property of non-object in /var/www/html/matrite/index.php on line 73
[15-Jan-2018 14:41:55 Europe/Berlin] PHP Stack trace:
[15-Jan-2018 14:41:55 Europe/Berlin] PHP   1. {main}() /var/www/html/matrite/index.php:0
[15-Jan-2018 14:41:55 Europe/Berlin] PHP   2. Klein\Klein->dispatch() /var/www/html/matrite/index.php:91
[15-Jan-2018 14:41:55 Europe/Berlin] PHP   3. Klein\Klein->handleRouteCallback() /var/www/html/matrite/vendor/klein/klein/src/Klein/Klein.php:588
[15-Jan-2018 14:41:55 Europe/Berlin] PHP   4. call_user_func:{/var/www/html/matrite/vendor/klein/klein/src/Klein/Klein.php:887}() /var/www/html/matrite/vendor/klein/klein/src/Klein/Klein.php:887
[15-Jan-2018 14:41:55 Europe/Berlin] PHP   5. {closure:/var/www/html/matrite/index.php:72-78}() /var/www/html/matrite/vendor/klein/klein/src/Klein/Klein.php:887
[15-Jan-2018 14:41:55 Europe/Berlin] PHP Notice:  Undefined variable: base in /var/www/html/matrite/index.php on line 74
[15-Jan-2018 14:41:55 Europe/Berlin] PHP Stack trace:
[15-Jan-2018 14:41:55 Europe/Berlin] PHP   1. {main}() /var/www/html/matrite/index.php:0
[15-Jan-2018 14:41:55 Europe/Berlin] PHP   2. Klein\Klein->dispatch() /var/www/html/matrite/index.php:91
[15-Jan-2018 14:41:55 Europe/Berlin] PHP   3. Klein\Klein->handleRouteCallback() /var/www/html/matrite/vendor/klein/klein/src/Klein/Klein.php:588
[15-Jan-2018 14:41:55 Europe/Berlin] PHP   4. call_user_func:{/var/www/html/matrite/vendor/klein/klein/src/Klein/Klein.php:887}() /var/www/html/matrite/vendor/klein/klein/src/Klein/Klein.php:887
[15-Jan-2018 14:41:55 Europe/Berlin] PHP   5. {closure:/var/www/html/matrite/index.php:72-78}() /var/www/html/matrite/vendor/klein/klein/src/Klein/Klein.php:887
[15-Jan-2018 14:42:04 Europe/Berlin] PHP Notice:  Undefined variable: base in /var/www/html/matrite/index.php on line 74
[15-Jan-2018 14:42:04 Europe/Berlin] PHP Stack trace:
[15-Jan-2018 14:42:04 Europe/Berlin] PHP   1. {main}() /var/www/html/matrite/index.php:0
[15-Jan-2018 14:42:04 Europe/Berlin] PHP   2. Klein\Klein->dispatch() /var/www/html/matrite/index.php:91
[15-Jan-2018 14:42:04 Europe/Berlin] PHP   3. Klein\Klein->handleRouteCallback() /var/www/html/matrite/vendor/klein/klein/src/Klein/Klein.php:588
[15-Jan-2018 14:42:04 Europe/Berlin] PHP   4. call_user_func:{/var/www/html/matrite/vendor/klein/klein/src/Klein/Klein.php:887}() /var/www/html/matrite/vendor/klein/klein/src/Klein/Klein.php:887
[15-Jan-2018 14:42:04 Europe/Berlin] PHP   5. {closure:/var/www/html/matrite/index.php:72-78}() /var/www/html/matrite/vendor/klein/klein/src/Klein/Klein.php:887
[15-Jan-2018 14:46:11 Europe/Berlin] PHP Notice:  Undefined variable: app in /var/www/html/matrite/index.php on line 59
[15-Jan-2018 14:46:11 Europe/Berlin] PHP Stack trace:
[15-Jan-2018 14:46:11 Europe/Berlin] PHP   1. {main}() /var/www/html/matrite/index.php:0
[15-Jan-2018 14:46:11 Europe/Berlin] PHP   2. Klein\Klein->dispatch() /var/www/html/matrite/index.php:93
[15-Jan-2018 14:46:11 Europe/Berlin] PHP   3. Klein\Klein->handleRouteCallback() /var/www/html/matrite/vendor/klein/klein/src/Klein/Klein.php:588
[15-Jan-2018 14:46:11 Europe/Berlin] PHP   4. call_user_func:{/var/www/html/matrite/vendor/klein/klein/src/Klein/Klein.php:887}() /var/www/html/matrite/vendor/klein/klein/src/Klein/Klein.php:887
[15-Jan-2018 14:46:11 Europe/Berlin] PHP   5. {closure:/var/www/html/matrite/index.php:58-70}() /var/www/html/matrite/vendor/klein/klein/src/Klein/Klein.php:887
[15-Jan-2018 14:46:11 Europe/Berlin] PHP Notice:  Trying to get property of non-object in /var/www/html/matrite/index.php on line 59
[15-Jan-2018 14:46:11 Europe/Berlin] PHP Stack trace:
[15-Jan-2018 14:46:11 Europe/Berlin] PHP   1. {main}() /var/www/html/matrite/index.php:0
[15-Jan-2018 14:46:11 Europe/Berlin] PHP   2. Klein\Klein->dispatch() /var/www/html/matrite/index.php:93
[15-Jan-2018 14:46:11 Europe/Berlin] PHP   3. Klein\Klein->handleRouteCallback() /var/www/html/matrite/vendor/klein/klein/src/Klein/Klein.php:588
[15-Jan-2018 14:46:11 Europe/Berlin] PHP   4. call_user_func:{/var/www/html/matrite/vendor/klein/klein/src/Klein/Klein.php:887}() /var/www/html/matrite/vendor/klein/klein/src/Klein/Klein.php:887
[15-Jan-2018 14:46:11 Europe/Berlin] PHP   5. {closure:/var/www/html/matrite/index.php:58-70}() /var/www/html/matrite/vendor/klein/klein/src/Klein/Klein.php:887
